
*** Running vivado
    with args -log mult_gen_1.vds -m64 -product Vivado -mode batch -messageDb vivado.pb -notrace -source mult_gen_1.tcl


****** Vivado v2016.4 (64-bit)
  **** SW Build 1756540 on Mon Jan 23 19:11:19 MST 2017
  **** IP Build 1755317 on Mon Jan 23 20:30:07 MST 2017
    ** Copyright 1986-2016 Xilinx, Inc. All Rights Reserved.

source mult_gen_1.tcl -notrace
Starting RTL Elaboration : Time (s): cpu = 00:00:05 ; elapsed = 00:00:05 . Memory (MB): peak = 1064.258 ; gain = 132.086 ; free physical = 526 ; free virtual = 19799
INFO: [Synth 8-638] synthesizing module 'mult_gen_1' [/home/wen/Documents/CNN_SoC/cnn_parallel/cnn_parallel.srcs/sources_1/ip/mult_gen_1_1/synth/mult_gen_1.vhd:68]
INFO: [Synth 8-256] done synthesizing module 'mult_gen_1' (6#1) [/home/wen/Documents/CNN_SoC/cnn_parallel/cnn_parallel.srcs/sources_1/ip/mult_gen_1_1/synth/mult_gen_1.vhd:68]
Finished RTL Elaboration : Time (s): cpu = 00:00:06 ; elapsed = 00:00:06 . Memory (MB): peak = 1114.727 ; gain = 182.555 ; free physical = 481 ; free virtual = 19749
Finished RTL Optimization Phase 1 : Time (s): cpu = 00:00:06 ; elapsed = 00:00:06 . Memory (MB): peak = 1114.727 ; gain = 182.555 ; free physical = 481 ; free virtual = 19749
INFO: [Device 21-403] Loading part xc7k70tfbv676-1
Constraint Validation Runtime : Time (s): cpu = 00:00:00.01 ; elapsed = 00:00:00 . Memory (MB): peak = 1432.906 ; gain = 0.000 ; free physical = 326 ; free virtual = 19595
Finished Constraint Validation : Time (s): cpu = 00:00:12 ; elapsed = 00:00:12 . Memory (MB): peak = 1432.906 ; gain = 500.734 ; free physical = 322 ; free virtual = 19592
Finished Loading Part and Timing Information : Time (s): cpu = 00:00:12 ; elapsed = 00:00:12 . Memory (MB): peak = 1432.906 ; gain = 500.734 ; free physical = 322 ; free virtual = 19592
Finished applying 'set_property' XDC Constraints : Time (s): cpu = 00:00:12 ; elapsed = 00:00:12 . Memory (MB): peak = 1432.906 ; gain = 500.734 ; free physical = 322 ; free virtual = 19592
Finished RTL Optimization Phase 2 : Time (s): cpu = 00:00:12 ; elapsed = 00:00:12 . Memory (MB): peak = 1432.906 ; gain = 500.734 ; free physical = 315 ; free virtual = 19585
Finished Cross Boundary and Area Optimization : Time (s): cpu = 00:00:13 ; elapsed = 00:00:13 . Memory (MB): peak = 1432.906 ; gain = 500.734 ; free physical = 307 ; free virtual = 19577
Finished Applying XDC Timing Constraints : Time (s): cpu = 00:00:20 ; elapsed = 00:00:20 . Memory (MB): peak = 1432.906 ; gain = 500.734 ; free physical = 244 ; free virtual = 19510
Finished Timing Optimization : Time (s): cpu = 00:00:20 ; elapsed = 00:00:20 . Memory (MB): peak = 1432.906 ; gain = 500.734 ; free physical = 244 ; free virtual = 19509
Finished Technology Mapping : Time (s): cpu = 00:00:20 ; elapsed = 00:00:20 . Memory (MB): peak = 1432.906 ; gain = 500.734 ; free physical = 235 ; free virtual = 19500
Finished IO Insertion : Time (s): cpu = 00:00:20 ; elapsed = 00:00:20 . Memory (MB): peak = 1432.906 ; gain = 500.734 ; free physical = 234 ; free virtual = 19499
Finished Renaming Generated Instances : Time (s): cpu = 00:00:20 ; elapsed = 00:00:20 . Memory (MB): peak = 1432.906 ; gain = 500.734 ; free physical = 234 ; free virtual = 19499
Finished Rebuilding User Hierarchy : Time (s): cpu = 00:00:20 ; elapsed = 00:00:20 . Memory (MB): peak = 1432.906 ; gain = 500.734 ; free physical = 234 ; free virtual = 19499
Finished Renaming Generated Ports : Time (s): cpu = 00:00:20 ; elapsed = 00:00:20 . Memory (MB): peak = 1432.906 ; gain = 500.734 ; free physical = 234 ; free virtual = 19499
Finished Handling Custom Attributes : Time (s): cpu = 00:00:20 ; elapsed = 00:00:20 . Memory (MB): peak = 1432.906 ; gain = 500.734 ; free physical = 234 ; free virtual = 19499
Finished Renaming Generated Nets : Time (s): cpu = 00:00:20 ; elapsed = 00:00:20 . Memory (MB): peak = 1432.906 ; gain = 500.734 ; free physical = 234 ; free virtual = 19499

Report Cell Usage: 
+------+--------+------+
|      |Cell    |Count |
+------+--------+------+
|1     |DSP48E1 |     1|
+------+--------+------+
Finished Writing Synthesis Report : Time (s): cpu = 00:00:20 ; elapsed = 00:00:20 . Memory (MB): peak = 1432.906 ; gain = 500.734 ; free physical = 234 ; free virtual = 19499
synth_design: Time (s): cpu = 00:00:20 ; elapsed = 00:00:20 . Memory (MB): peak = 1432.906 ; gain = 433.230 ; free physical = 235 ; free virtual = 19501
