
*** Running vivado
    with args -log mult_gen_0.vds -m64 -product Vivado -mode batch -messageDb vivado.pb -notrace -source mult_gen_0.tcl


****** Vivado v2016.4 (64-bit)
  **** SW Build 1756540 on Mon Jan 23 19:11:19 MST 2017
  **** IP Build 1755317 on Mon Jan 23 20:30:07 MST 2017
    ** Copyright 1986-2016 Xilinx, Inc. All Rights Reserved.

source mult_gen_0.tcl -notrace
Starting Synthesize : Time (s): cpu = 00:00:05 ; elapsed = 00:00:05 . Memory (MB): peak = 1064.262 ; gain = 132.086 ; free physical = 2282 ; free virtual = 24351
INFO: [Synth 8-638] synthesizing module 'mult_gen_0' [/home/wen/Documents/CNN_SoC/cnn_parallel/cnn_parallel.srcs/sources_1/ip/mult_gen_0/synth/mult_gen_0.vhd:67]
INFO: [Synth 8-256] done synthesizing module 'mult_gen_0' (6#1) [/home/wen/Documents/CNN_SoC/cnn_parallel/cnn_parallel.srcs/sources_1/ip/mult_gen_0/synth/mult_gen_0.vhd:67]
Finished Synthesize : Time (s): cpu = 00:00:06 ; elapsed = 00:00:06 . Memory (MB): peak = 1114.730 ; gain = 182.555 ; free physical = 2231 ; free virtual = 24300
Finished Constraint Validation : Time (s): cpu = 00:00:06 ; elapsed = 00:00:06 . Memory (MB): peak = 1114.730 ; gain = 182.555 ; free physical = 2230 ; free virtual = 24300
Finished Loading Part and Timing Information : Time (s): cpu = 00:00:06 ; elapsed = 00:00:06 . Memory (MB): peak = 1122.734 ; gain = 190.559 ; free physical = 2230 ; free virtual = 24300
INFO: [Device 21-403] Loading part xc7k70tfbv676-1
Finished RTL Optimization Phase 2 : Time (s): cpu = 00:00:06 ; elapsed = 00:00:06 . Memory (MB): peak = 1130.742 ; gain = 198.566 ; free physical = 2223 ; free virtual = 24292
Finished Cross Boundary and Area Optimization : Time (s): cpu = 00:00:08 ; elapsed = 00:00:08 . Memory (MB): peak = 1198.766 ; gain = 266.590 ; free physical = 2158 ; free virtual = 24228
Finished Timing Optimization : Time (s): cpu = 00:00:08 ; elapsed = 00:00:08 . Memory (MB): peak = 1198.766 ; gain = 266.590 ; free physical = 2158 ; free virtual = 24228
Finished Technology Mapping : Time (s): cpu = 00:00:08 ; elapsed = 00:00:08 . Memory (MB): peak = 1207.781 ; gain = 275.605 ; free physical = 2144 ; free virtual = 24220
Finished IO Insertion : Time (s): cpu = 00:00:08 ; elapsed = 00:00:09 . Memory (MB): peak = 1207.781 ; gain = 275.605 ; free physical = 2143 ; free virtual = 24220
Finished Renaming Generated Instances : Time (s): cpu = 00:00:08 ; elapsed = 00:00:09 . Memory (MB): peak = 1207.781 ; gain = 275.605 ; free physical = 2143 ; free virtual = 24220
Finished Rebuilding User Hierarchy : Time (s): cpu = 00:00:08 ; elapsed = 00:00:09 . Memory (MB): peak = 1207.781 ; gain = 275.605 ; free physical = 2143 ; free virtual = 24220
Finished Renaming Generated Ports : Time (s): cpu = 00:00:08 ; elapsed = 00:00:09 . Memory (MB): peak = 1207.781 ; gain = 275.605 ; free physical = 2143 ; free virtual = 24220
Finished Handling Custom Attributes : Time (s): cpu = 00:00:08 ; elapsed = 00:00:09 . Memory (MB): peak = 1207.781 ; gain = 275.605 ; free physical = 2143 ; free virtual = 24220
Finished Renaming Generated Nets : Time (s): cpu = 00:00:08 ; elapsed = 00:00:09 . Memory (MB): peak = 1207.781 ; gain = 275.605 ; free physical = 2143 ; free virtual = 24220

Report Cell Usage: 
+------+--------+------+
|      |Cell    |Count |
+------+--------+------+
|1     |DSP48E1 |     1|
+------+--------+------+
Finished Writing Synthesis Report : Time (s): cpu = 00:00:08 ; elapsed = 00:00:09 . Memory (MB): peak = 1207.781 ; gain = 275.605 ; free physical = 2143 ; free virtual = 24220
synth_design: Time (s): cpu = 00:00:08 ; elapsed = 00:00:08 . Memory (MB): peak = 1286.781 ; gain = 287.102 ; free physical = 2066 ; free virtual = 24142
write_checkpoint: Time (s): cpu = 00:00:06 ; elapsed = 00:00:07 . Memory (MB): peak = 1710.309 ; gain = 423.527 ; free physical = 1728 ; free virtual = 23804
