
*** Running vivado
    with args -log mult_gen_0.vds -m64 -product Vivado -mode batch -messageDb vivado.pb -notrace -source mult_gen_0.tcl


****** Vivado v2016.4 (64-bit)
  **** SW Build 1756540 on Mon Jan 23 19:11:19 MST 2017
  **** IP Build 1755317 on Mon Jan 23 20:30:07 MST 2017
    ** Copyright 1986-2016 Xilinx, Inc. All Rights Reserved.

source mult_gen_0.tcl -notrace
Starting RTL Elaboration : Time (s): cpu = 00:00:05 ; elapsed = 00:00:06 . Memory (MB): peak = 1064.262 ; gain = 132.086 ; free physical = 169 ; free virtual = 19114
INFO: [Synth 8-638] synthesizing module 'mult_gen_0' [/home/wen/Documents/CNN_SoC/cnn_parallel/cnn_parallel.srcs/sources_1/ip/mult_gen_0/synth/mult_gen_0.vhd:68]
INFO: [Synth 8-256] done synthesizing module 'mult_gen_0' (6#1) [/home/wen/Documents/CNN_SoC/cnn_parallel/cnn_parallel.srcs/sources_1/ip/mult_gen_0/synth/mult_gen_0.vhd:68]
Finished RTL Elaboration : Time (s): cpu = 00:00:06 ; elapsed = 00:00:07 . Memory (MB): peak = 1114.730 ; gain = 182.555 ; free physical = 184 ; free virtual = 19064
Finished RTL Optimization Phase 1 : Time (s): cpu = 00:00:06 ; elapsed = 00:00:07 . Memory (MB): peak = 1114.730 ; gain = 182.555 ; free physical = 184 ; free virtual = 19064
INFO: [Device 21-403] Loading part xc7k70tfbv676-1
Constraint Validation Runtime : Time (s): cpu = 00:00:00.01 ; elapsed = 00:00:00.03 . Memory (MB): peak = 1432.926 ; gain = 0.000 ; free physical = 246 ; free virtual = 18879
Finished Constraint Validation : Time (s): cpu = 00:00:12 ; elapsed = 00:00:16 . Memory (MB): peak = 1432.926 ; gain = 500.750 ; free physical = 244 ; free virtual = 18877
Finished Loading Part and Timing Information : Time (s): cpu = 00:00:12 ; elapsed = 00:00:16 . Memory (MB): peak = 1432.926 ; gain = 500.750 ; free physical = 244 ; free virtual = 18877
Finished applying 'set_property' XDC Constraints : Time (s): cpu = 00:00:12 ; elapsed = 00:00:16 . Memory (MB): peak = 1432.926 ; gain = 500.750 ; free physical = 244 ; free virtual = 18877
Finished RTL Optimization Phase 2 : Time (s): cpu = 00:00:12 ; elapsed = 00:00:16 . Memory (MB): peak = 1432.926 ; gain = 500.750 ; free physical = 239 ; free virtual = 18872
Finished Cross Boundary and Area Optimization : Time (s): cpu = 00:00:13 ; elapsed = 00:00:17 . Memory (MB): peak = 1432.926 ; gain = 500.750 ; free physical = 231 ; free virtual = 18865
Finished Applying XDC Timing Constraints : Time (s): cpu = 00:00:20 ; elapsed = 00:00:24 . Memory (MB): peak = 1432.926 ; gain = 500.750 ; free physical = 154 ; free virtual = 18794
Finished Timing Optimization : Time (s): cpu = 00:00:20 ; elapsed = 00:00:24 . Memory (MB): peak = 1432.926 ; gain = 500.750 ; free physical = 153 ; free virtual = 18794
Finished Technology Mapping : Time (s): cpu = 00:00:20 ; elapsed = 00:00:24 . Memory (MB): peak = 1432.926 ; gain = 500.750 ; free physical = 179 ; free virtual = 18779
Finished IO Insertion : Time (s): cpu = 00:00:20 ; elapsed = 00:00:24 . Memory (MB): peak = 1432.926 ; gain = 500.750 ; free physical = 180 ; free virtual = 18780
Finished Renaming Generated Instances : Time (s): cpu = 00:00:20 ; elapsed = 00:00:24 . Memory (MB): peak = 1432.926 ; gain = 500.750 ; free physical = 180 ; free virtual = 18780
Finished Rebuilding User Hierarchy : Time (s): cpu = 00:00:20 ; elapsed = 00:00:24 . Memory (MB): peak = 1432.926 ; gain = 500.750 ; free physical = 180 ; free virtual = 18780
Finished Renaming Generated Ports : Time (s): cpu = 00:00:20 ; elapsed = 00:00:24 . Memory (MB): peak = 1432.926 ; gain = 500.750 ; free physical = 180 ; free virtual = 18780
Finished Handling Custom Attributes : Time (s): cpu = 00:00:20 ; elapsed = 00:00:24 . Memory (MB): peak = 1432.926 ; gain = 500.750 ; free physical = 180 ; free virtual = 18779
Finished Renaming Generated Nets : Time (s): cpu = 00:00:20 ; elapsed = 00:00:24 . Memory (MB): peak = 1432.926 ; gain = 500.750 ; free physical = 180 ; free virtual = 18779

Report Cell Usage: 
+------+--------+------+
|      |Cell    |Count |
+------+--------+------+
|1     |DSP48E1 |     1|
+------+--------+------+
Finished Writing Synthesis Report : Time (s): cpu = 00:00:20 ; elapsed = 00:00:24 . Memory (MB): peak = 1432.926 ; gain = 500.750 ; free physical = 179 ; free virtual = 18779
synth_design: Time (s): cpu = 00:00:19 ; elapsed = 00:00:22 . Memory (MB): peak = 1432.926 ; gain = 433.246 ; free physical = 182 ; free virtual = 18782
