
*** Running vivado
    with args -log mult_gen_1.vds -m64 -product Vivado -mode batch -messageDb vivado.pb -notrace -source mult_gen_1.tcl


****** Vivado v2016.4 (64-bit)
  **** SW Build 1756540 on Mon Jan 23 19:11:19 MST 2017
  **** IP Build 1755317 on Mon Jan 23 20:30:07 MST 2017
    ** Copyright 1986-2016 Xilinx, Inc. All Rights Reserved.

source mult_gen_1.tcl -notrace
Starting RTL Elaboration : Time (s): cpu = 00:00:05 ; elapsed = 00:00:05 . Memory (MB): peak = 1064.262 ; gain = 132.086 ; free physical = 592 ; free virtual = 19848
INFO: [Synth 8-638] synthesizing module 'mult_gen_1' [/home/wen/Documents/CNN_SoC/cnn_parallel/cnn_parallel.srcs/sources_1/ip/mult_gen_1/synth/mult_gen_1.vhd:68]
INFO: [Synth 8-256] done synthesizing module 'mult_gen_1' (6#1) [/home/wen/Documents/CNN_SoC/cnn_parallel/cnn_parallel.srcs/sources_1/ip/mult_gen_1/synth/mult_gen_1.vhd:68]
Finished RTL Elaboration : Time (s): cpu = 00:00:06 ; elapsed = 00:00:06 . Memory (MB): peak = 1114.730 ; gain = 182.555 ; free physical = 540 ; free virtual = 19796
Finished RTL Optimization Phase 1 : Time (s): cpu = 00:00:06 ; elapsed = 00:00:06 . Memory (MB): peak = 1114.730 ; gain = 182.555 ; free physical = 540 ; free virtual = 19796
INFO: [Device 21-403] Loading part xc7k70tfbv676-1
Constraint Validation Runtime : Time (s): cpu = 00:00:00.02 ; elapsed = 00:00:00.01 . Memory (MB): peak = 1432.926 ; gain = 0.000 ; free physical = 393 ; free virtual = 19641
Finished Constraint Validation : Time (s): cpu = 00:00:12 ; elapsed = 00:00:13 . Memory (MB): peak = 1432.926 ; gain = 500.750 ; free physical = 391 ; free virtual = 19639
Finished Loading Part and Timing Information : Time (s): cpu = 00:00:12 ; elapsed = 00:00:13 . Memory (MB): peak = 1432.926 ; gain = 500.750 ; free physical = 391 ; free virtual = 19639
Finished applying 'set_property' XDC Constraints : Time (s): cpu = 00:00:12 ; elapsed = 00:00:13 . Memory (MB): peak = 1432.926 ; gain = 500.750 ; free physical = 391 ; free virtual = 19639
Finished RTL Optimization Phase 2 : Time (s): cpu = 00:00:12 ; elapsed = 00:00:13 . Memory (MB): peak = 1432.926 ; gain = 500.750 ; free physical = 392 ; free virtual = 19639
Finished Cross Boundary and Area Optimization : Time (s): cpu = 00:00:12 ; elapsed = 00:00:13 . Memory (MB): peak = 1432.926 ; gain = 500.750 ; free physical = 384 ; free virtual = 19631
Finished Applying XDC Timing Constraints : Time (s): cpu = 00:00:19 ; elapsed = 00:00:20 . Memory (MB): peak = 1432.926 ; gain = 500.750 ; free physical = 306 ; free virtual = 19554
Finished Timing Optimization : Time (s): cpu = 00:00:19 ; elapsed = 00:00:20 . Memory (MB): peak = 1432.926 ; gain = 500.750 ; free physical = 306 ; free virtual = 19553
Finished Technology Mapping : Time (s): cpu = 00:00:19 ; elapsed = 00:00:20 . Memory (MB): peak = 1432.926 ; gain = 500.750 ; free physical = 297 ; free virtual = 19544
Finished IO Insertion : Time (s): cpu = 00:00:20 ; elapsed = 00:00:21 . Memory (MB): peak = 1432.926 ; gain = 500.750 ; free physical = 297 ; free virtual = 19544
Finished Renaming Generated Instances : Time (s): cpu = 00:00:20 ; elapsed = 00:00:21 . Memory (MB): peak = 1432.926 ; gain = 500.750 ; free physical = 297 ; free virtual = 19544
Finished Rebuilding User Hierarchy : Time (s): cpu = 00:00:20 ; elapsed = 00:00:21 . Memory (MB): peak = 1432.926 ; gain = 500.750 ; free physical = 297 ; free virtual = 19544
Finished Renaming Generated Ports : Time (s): cpu = 00:00:20 ; elapsed = 00:00:21 . Memory (MB): peak = 1432.926 ; gain = 500.750 ; free physical = 297 ; free virtual = 19544
Finished Handling Custom Attributes : Time (s): cpu = 00:00:20 ; elapsed = 00:00:21 . Memory (MB): peak = 1432.926 ; gain = 500.750 ; free physical = 297 ; free virtual = 19544
Finished Renaming Generated Nets : Time (s): cpu = 00:00:20 ; elapsed = 00:00:21 . Memory (MB): peak = 1432.926 ; gain = 500.750 ; free physical = 297 ; free virtual = 19544

Report Cell Usage: 
+------+--------+------+
|      |Cell    |Count |
+------+--------+------+
|1     |DSP48E1 |     1|
+------+--------+------+
Finished Writing Synthesis Report : Time (s): cpu = 00:00:20 ; elapsed = 00:00:21 . Memory (MB): peak = 1432.926 ; gain = 500.750 ; free physical = 297 ; free virtual = 19544
synth_design: Time (s): cpu = 00:00:19 ; elapsed = 00:00:19 . Memory (MB): peak = 1432.926 ; gain = 433.246 ; free physical = 298 ; free virtual = 19546
