
*** Running vivado
    with args -log c_addsub_0.vds -m64 -product Vivado -mode batch -messageDb vivado.pb -notrace -source c_addsub_0.tcl


****** Vivado v2016.4 (64-bit)
  **** SW Build 1756540 on Mon Jan 23 19:11:19 MST 2017
  **** IP Build 1755317 on Mon Jan 23 20:30:07 MST 2017
    ** Copyright 1986-2016 Xilinx, Inc. All Rights Reserved.

source c_addsub_0.tcl -notrace
Starting Synthesize : Time (s): cpu = 00:00:05 ; elapsed = 00:00:05 . Memory (MB): peak = 1065.262 ; gain = 133.086 ; free physical = 2251 ; free virtual = 24313
INFO: [Synth 8-638] synthesizing module 'c_addsub_0' [/home/wen/Documents/CNN_SoC/cnn_parallel/cnn_parallel.srcs/sources_1/ip/c_addsub_0/synth/c_addsub_0.vhd:67]
INFO: [Synth 8-256] done synthesizing module 'c_addsub_0' (8#1) [/home/wen/Documents/CNN_SoC/cnn_parallel/cnn_parallel.srcs/sources_1/ip/c_addsub_0/synth/c_addsub_0.vhd:67]
Finished Synthesize : Time (s): cpu = 00:00:06 ; elapsed = 00:00:06 . Memory (MB): peak = 1110.730 ; gain = 178.555 ; free physical = 2203 ; free virtual = 24265
Finished Constraint Validation : Time (s): cpu = 00:00:06 ; elapsed = 00:00:06 . Memory (MB): peak = 1110.730 ; gain = 178.555 ; free physical = 2203 ; free virtual = 24265
Finished Loading Part and Timing Information : Time (s): cpu = 00:00:06 ; elapsed = 00:00:06 . Memory (MB): peak = 1118.734 ; gain = 186.559 ; free physical = 2203 ; free virtual = 24265
INFO: [Device 21-403] Loading part xc7k70tfbv676-1
Finished RTL Optimization Phase 2 : Time (s): cpu = 00:00:06 ; elapsed = 00:00:06 . Memory (MB): peak = 1126.742 ; gain = 194.566 ; free physical = 2195 ; free virtual = 24258
Finished Cross Boundary and Area Optimization : Time (s): cpu = 00:00:08 ; elapsed = 00:00:08 . Memory (MB): peak = 1191.742 ; gain = 259.566 ; free physical = 2087 ; free virtual = 24149
Finished Timing Optimization : Time (s): cpu = 00:00:08 ; elapsed = 00:00:08 . Memory (MB): peak = 1191.742 ; gain = 259.566 ; free physical = 2087 ; free virtual = 24149
Finished Technology Mapping : Time (s): cpu = 00:00:08 ; elapsed = 00:00:08 . Memory (MB): peak = 1199.750 ; gain = 267.574 ; free physical = 2079 ; free virtual = 24141
Finished IO Insertion : Time (s): cpu = 00:00:08 ; elapsed = 00:00:08 . Memory (MB): peak = 1199.750 ; gain = 267.574 ; free physical = 2055 ; free virtual = 24117
Finished Renaming Generated Instances : Time (s): cpu = 00:00:08 ; elapsed = 00:00:08 . Memory (MB): peak = 1199.750 ; gain = 267.574 ; free physical = 2054 ; free virtual = 24117
Finished Rebuilding User Hierarchy : Time (s): cpu = 00:00:08 ; elapsed = 00:00:08 . Memory (MB): peak = 1199.750 ; gain = 267.574 ; free physical = 2054 ; free virtual = 24116
Finished Renaming Generated Ports : Time (s): cpu = 00:00:08 ; elapsed = 00:00:08 . Memory (MB): peak = 1199.750 ; gain = 267.574 ; free physical = 2054 ; free virtual = 24116
Finished Handling Custom Attributes : Time (s): cpu = 00:00:08 ; elapsed = 00:00:09 . Memory (MB): peak = 1199.750 ; gain = 267.574 ; free physical = 2054 ; free virtual = 24116
Finished Renaming Generated Nets : Time (s): cpu = 00:00:08 ; elapsed = 00:00:09 . Memory (MB): peak = 1199.750 ; gain = 267.574 ; free physical = 2054 ; free virtual = 24116

Report Cell Usage: 
+------+--------+------+
|      |Cell    |Count |
+------+--------+------+
|1     |DSP48E1 |     1|
+------+--------+------+
Finished Writing Synthesis Report : Time (s): cpu = 00:00:08 ; elapsed = 00:00:09 . Memory (MB): peak = 1199.750 ; gain = 267.574 ; free physical = 2054 ; free virtual = 24116
synth_design: Time (s): cpu = 00:00:08 ; elapsed = 00:00:08 . Memory (MB): peak = 1276.750 ; gain = 277.070 ; free physical = 1888 ; free virtual = 23950
write_checkpoint: Time (s): cpu = 00:00:07 ; elapsed = 00:00:07 . Memory (MB): peak = 1701.277 ; gain = 424.527 ; free physical = 1641 ; free virtual = 23759
