
*** Running vivado
    with args -log c_addsub_0.vds -m64 -product Vivado -mode batch -messageDb vivado.pb -notrace -source c_addsub_0.tcl


****** Vivado v2016.4 (64-bit)
  **** SW Build 1756540 on Mon Jan 23 19:11:19 MST 2017
  **** IP Build 1755317 on Mon Jan 23 20:30:07 MST 2017
    ** Copyright 1986-2016 Xilinx, Inc. All Rights Reserved.

source c_addsub_0.tcl -notrace
Starting RTL Elaboration : Time (s): cpu = 00:00:05 ; elapsed = 00:00:05 . Memory (MB): peak = 1065.258 ; gain = 133.086 ; free physical = 487 ; free virtual = 19087
INFO: [Synth 8-638] synthesizing module 'c_addsub_0' [/home/wen/Documents/CNN_SoC/cnn_parallel/cnn_parallel.srcs/sources_1/ip/c_addsub_0/synth/c_addsub_0.vhd:68]
INFO: [Synth 8-256] done synthesizing module 'c_addsub_0' (8#1) [/home/wen/Documents/CNN_SoC/cnn_parallel/cnn_parallel.srcs/sources_1/ip/c_addsub_0/synth/c_addsub_0.vhd:68]
Finished RTL Elaboration : Time (s): cpu = 00:00:06 ; elapsed = 00:00:06 . Memory (MB): peak = 1110.727 ; gain = 178.555 ; free physical = 439 ; free virtual = 19040
Finished RTL Optimization Phase 1 : Time (s): cpu = 00:00:06 ; elapsed = 00:00:06 . Memory (MB): peak = 1110.727 ; gain = 178.555 ; free physical = 439 ; free virtual = 19040
INFO: [Device 21-403] Loading part xc7k70tfbv676-1
Constraint Validation Runtime : Time (s): cpu = 00:00:00 ; elapsed = 00:00:00.01 . Memory (MB): peak = 1353.797 ; gain = 0.000 ; free physical = 284 ; free virtual = 18884
Finished Constraint Validation : Time (s): cpu = 00:00:12 ; elapsed = 00:00:13 . Memory (MB): peak = 1353.797 ; gain = 421.625 ; free physical = 283 ; free virtual = 18883
Finished Loading Part and Timing Information : Time (s): cpu = 00:00:12 ; elapsed = 00:00:13 . Memory (MB): peak = 1353.797 ; gain = 421.625 ; free physical = 283 ; free virtual = 18883
Finished applying 'set_property' XDC Constraints : Time (s): cpu = 00:00:12 ; elapsed = 00:00:13 . Memory (MB): peak = 1353.797 ; gain = 421.625 ; free physical = 283 ; free virtual = 18883
Finished RTL Optimization Phase 2 : Time (s): cpu = 00:00:12 ; elapsed = 00:00:13 . Memory (MB): peak = 1353.797 ; gain = 421.625 ; free physical = 275 ; free virtual = 18875
Finished Cross Boundary and Area Optimization : Time (s): cpu = 00:00:12 ; elapsed = 00:00:13 . Memory (MB): peak = 1353.797 ; gain = 421.625 ; free physical = 275 ; free virtual = 18875
Finished Applying XDC Timing Constraints : Time (s): cpu = 00:00:19 ; elapsed = 00:00:20 . Memory (MB): peak = 1375.781 ; gain = 443.609 ; free physical = 209 ; free virtual = 18807
Finished Timing Optimization : Time (s): cpu = 00:00:19 ; elapsed = 00:00:20 . Memory (MB): peak = 1376.781 ; gain = 444.609 ; free physical = 209 ; free virtual = 18806
Finished Technology Mapping : Time (s): cpu = 00:00:19 ; elapsed = 00:00:20 . Memory (MB): peak = 1385.797 ; gain = 453.625 ; free physical = 202 ; free virtual = 18799
Finished IO Insertion : Time (s): cpu = 00:00:20 ; elapsed = 00:00:21 . Memory (MB): peak = 1385.797 ; gain = 453.625 ; free physical = 203 ; free virtual = 18799
Finished Renaming Generated Instances : Time (s): cpu = 00:00:20 ; elapsed = 00:00:21 . Memory (MB): peak = 1385.797 ; gain = 453.625 ; free physical = 203 ; free virtual = 18799
Finished Rebuilding User Hierarchy : Time (s): cpu = 00:00:20 ; elapsed = 00:00:21 . Memory (MB): peak = 1385.797 ; gain = 453.625 ; free physical = 203 ; free virtual = 18799
Finished Renaming Generated Ports : Time (s): cpu = 00:00:20 ; elapsed = 00:00:21 . Memory (MB): peak = 1385.797 ; gain = 453.625 ; free physical = 203 ; free virtual = 18799
Finished Handling Custom Attributes : Time (s): cpu = 00:00:20 ; elapsed = 00:00:21 . Memory (MB): peak = 1385.797 ; gain = 453.625 ; free physical = 203 ; free virtual = 18799
Finished Renaming Generated Nets : Time (s): cpu = 00:00:20 ; elapsed = 00:00:21 . Memory (MB): peak = 1385.797 ; gain = 453.625 ; free physical = 203 ; free virtual = 18799

Report Cell Usage: 
+------+--------+------+
|      |Cell    |Count |
+------+--------+------+
|1     |DSP48E1 |     1|
|2     |FDRE    |     1|
+------+--------+------+
Finished Writing Synthesis Report : Time (s): cpu = 00:00:20 ; elapsed = 00:00:21 . Memory (MB): peak = 1385.797 ; gain = 453.625 ; free physical = 203 ; free virtual = 18799
synth_design: Time (s): cpu = 00:00:19 ; elapsed = 00:00:19 . Memory (MB): peak = 1385.805 ; gain = 386.129 ; free physical = 202 ; free virtual = 18798
